Analysis & Synthesis report for BRAM_FIFO_Wrapper
Thu Oct 17 00:03:53 2024
Quartus Prime Version 23.1std.1 Build 993 05/14/2024 SC Lite Edition


---------------------
; Table of Contents ;
---------------------
  1. Legal Notice
  2. Analysis & Synthesis Summary
  3. Analysis & Synthesis Settings
  4. Parallel Compilation
  5. Analysis & Synthesis Source Files Read
  6. Analysis & Synthesis Resource Usage Summary
  7. Analysis & Synthesis Resource Utilization by Entity
  8. Analysis & Synthesis RAM Summary
  9. Analysis & Synthesis IP Cores Summary
 10. General Register Statistics
 11. Source assignments for BRAM_FIFO:fifo|scfifo:scfifo_component|scfifo_oh91:auto_generated|a_dpfifo_vn91:dpfifo|altsyncram_7hn1:FIFOram
 12. Parameter Settings for User Entity Instance: BRAM_FIFO:fifo|scfifo:scfifo_component
 13. scfifo Parameter Settings by Entity Instance
 14. Port Connectivity Checks: "BinTo7Seg:S2"
 15. Post-Synthesis Netlist Statistics for Top Partition
 16. Elapsed Time Per Partition
 17. Analysis & Synthesis Messages



----------------
; Legal Notice ;
----------------
Copyright (C) 2024  Intel Corporation. All rights reserved.
Your use of Intel Corporation's design tools, logic functions 
and other software and tools, and any partner logic 
functions, and any output files from any of the foregoing 
(including device programming or simulation files), and any 
associated documentation or information are expressly subject 
to the terms and conditions of the Intel Program License 
Subscription Agreement, the Intel Quartus Prime License Agreement,
the Intel FPGA IP License Agreement, or other applicable license
agreement, including, without limitation, that your use is for
the sole purpose of programming logic devices manufactured by
Intel and sold by Intel or its authorized distributors.  Please
refer to the applicable agreement for further details, at
https://fpgasoftware.intel.com/eula.



+----------------------------------------------------------------------------------+
; Analysis & Synthesis Summary                                                     ;
+---------------------------------+------------------------------------------------+
; Analysis & Synthesis Status     ; Successful - Thu Oct 17 00:03:53 2024          ;
; Quartus Prime Version           ; 23.1std.1 Build 993 05/14/2024 SC Lite Edition ;
; Revision Name                   ; BRAM_FIFO_Wrapper                              ;
; Top-level Entity Name           ; BRAM_FIFO_Wrapper                              ;
; Family                          ; Cyclone V                                      ;
; Logic utilization (in ALMs)     ; N/A                                            ;
; Total registers                 ; 43                                             ;
; Total pins                      ; 40                                             ;
; Total virtual pins              ; 0                                              ;
; Total block memory bits         ; 2,048                                          ;
; Total DSP Blocks                ; 0                                              ;
; Total HSSI RX PCSs              ; 0                                              ;
; Total HSSI PMA RX Deserializers ; 0                                              ;
; Total HSSI TX PCSs              ; 0                                              ;
; Total HSSI PMA TX Serializers   ; 0                                              ;
; Total PLLs                      ; 0                                              ;
; Total DLLs                      ; 0                                              ;
+---------------------------------+------------------------------------------------+


+---------------------------------------------------------------------------------------------------------------------------+
; Analysis & Synthesis Settings                                                                                             ;
+---------------------------------------------------------------------------------+--------------------+--------------------+
; Option                                                                          ; Setting            ; Default Value      ;
+---------------------------------------------------------------------------------+--------------------+--------------------+
; Device                                                                          ; 5CSEMA5F31C6       ;                    ;
; Top-level entity name                                                           ; BRAM_FIFO_Wrapper  ; BRAM_FIFO_Wrapper  ;
; Family name                                                                     ; Cyclone V          ; Cyclone V          ;
; Use smart compilation                                                           ; Off                ; Off                ;
; Enable parallel Assembler and Timing Analyzer during compilation                ; On                 ; On                 ;
; Enable compact report table                                                     ; Off                ; Off                ;
; Restructure Multiplexers                                                        ; Auto               ; Auto               ;
; MLAB Add Timing Constraints For Mixed-Port Feed-Through Mode Setting Don't Care ; Off                ; Off                ;
; Create Debugging Nodes for IP Cores                                             ; Off                ; Off                ;
; Preserve fewer node names                                                       ; On                 ; On                 ;
; Intel FPGA IP Evaluation Mode                                                   ; Enable             ; Enable             ;
; Verilog Version                                                                 ; Verilog_2001       ; Verilog_2001       ;
; VHDL Version                                                                    ; VHDL_1993          ; VHDL_1993          ;
; State Machine Processing                                                        ; Auto               ; Auto               ;
; Safe State Machine                                                              ; Off                ; Off                ;
; Extract Verilog State Machines                                                  ; On                 ; On                 ;
; Extract VHDL State Machines                                                     ; On                 ; On                 ;
; Ignore Verilog initial constructs                                               ; Off                ; Off                ;
; Iteration limit for constant Verilog loops                                      ; 5000               ; 5000               ;
; Iteration limit for non-constant Verilog loops                                  ; 250                ; 250                ;
; Add Pass-Through Logic to Inferred RAMs                                         ; On                 ; On                 ;
; Infer RAMs from Raw Logic                                                       ; On                 ; On                 ;
; Parallel Synthesis                                                              ; On                 ; On                 ;
; DSP Block Balancing                                                             ; Auto               ; Auto               ;
; NOT Gate Push-Back                                                              ; On                 ; On                 ;
; Power-Up Don't Care                                                             ; On                 ; On                 ;
; Remove Redundant Logic Cells                                                    ; Off                ; Off                ;
; Remove Duplicate Registers                                                      ; On                 ; On                 ;
; Ignore CARRY Buffers                                                            ; Off                ; Off                ;
; Ignore CASCADE Buffers                                                          ; Off                ; Off                ;
; Ignore GLOBAL Buffers                                                           ; Off                ; Off                ;
; Ignore ROW GLOBAL Buffers                                                       ; Off                ; Off                ;
; Ignore LCELL Buffers                                                            ; Off                ; Off                ;
; Ignore SOFT Buffers                                                             ; On                 ; On                 ;
; Limit AHDL Integers to 32 Bits                                                  ; Off                ; Off                ;
; Optimization Technique                                                          ; Balanced           ; Balanced           ;
; Carry Chain Length                                                              ; 70                 ; 70                 ;
; Auto Carry Chains                                                               ; On                 ; On                 ;
; Auto Open-Drain Pins                                                            ; On                 ; On                 ;
; Perform WYSIWYG Primitive Resynthesis                                           ; Off                ; Off                ;
; Auto ROM Replacement                                                            ; On                 ; On                 ;
; Auto RAM Replacement                                                            ; On                 ; On                 ;
; Auto DSP Block Replacement                                                      ; On                 ; On                 ;
; Auto Shift Register Replacement                                                 ; Auto               ; Auto               ;
; Allow Shift Register Merging across Hierarchies                                 ; Auto               ; Auto               ;
; Auto Clock Enable Replacement                                                   ; On                 ; On                 ;
; Strict RAM Replacement                                                          ; Off                ; Off                ;
; Allow Synchronous Control Signals                                               ; On                 ; On                 ;
; Force Use of Synchronous Clear Signals                                          ; Off                ; Off                ;
; Auto Resource Sharing                                                           ; Off                ; Off                ;
; Allow Any RAM Size For Recognition                                              ; Off                ; Off                ;
; Allow Any ROM Size For Recognition                                              ; Off                ; Off                ;
; Allow Any Shift Register Size For Recognition                                   ; Off                ; Off                ;
; Use LogicLock Constraints during Resource Balancing                             ; On                 ; On                 ;
; Ignore translate_off and synthesis_off directives                               ; Off                ; Off                ;
; Timing-Driven Synthesis                                                         ; On                 ; On                 ;
; Report Parameter Settings                                                       ; On                 ; On                 ;
; Report Source Assignments                                                       ; On                 ; On                 ;
; Report Connectivity Checks                                                      ; On                 ; On                 ;
; Ignore Maximum Fan-Out Assignments                                              ; Off                ; Off                ;
; Synchronization Register Chain Length                                           ; 3                  ; 3                  ;
; Power Optimization During Synthesis                                             ; Normal compilation ; Normal compilation ;
; HDL message level                                                               ; Level2             ; Level2             ;
; Suppress Register Optimization Related Messages                                 ; Off                ; Off                ;
; Number of Removed Registers Reported in Synthesis Report                        ; 5000               ; 5000               ;
; Number of Swept Nodes Reported in Synthesis Report                              ; 5000               ; 5000               ;
; Number of Inverted Registers Reported in Synthesis Report                       ; 100                ; 100                ;
; Clock MUX Protection                                                            ; On                 ; On                 ;
; Auto Gated Clock Conversion                                                     ; Off                ; Off                ;
; Block Design Naming                                                             ; Auto               ; Auto               ;
; SDC constraint protection                                                       ; Off                ; Off                ;
; Synthesis Effort                                                                ; Auto               ; Auto               ;
; Shift Register Replacement - Allow Asynchronous Clear Signal                    ; On                 ; On                 ;
; Pre-Mapping Resynthesis Optimization                                            ; Off                ; Off                ;
; Analysis & Synthesis Message Level                                              ; Medium             ; Medium             ;
; Disable Register Merging Across Hierarchies                                     ; Auto               ; Auto               ;
; Resource Aware Inference For Block RAM                                          ; On                 ; On                 ;
; Automatic Parallel Synthesis                                                    ; On                 ; On                 ;
; Partial Reconfiguration Bitstream ID                                            ; Off                ; Off                ;
+---------------------------------------------------------------------------------+--------------------+--------------------+


+------------------------------------------+
; Parallel Compilation                     ;
+----------------------------+-------------+
; Processors                 ; Number      ;
+----------------------------+-------------+
; Number detected on machine ; 16          ;
; Maximum allowed            ; 16          ;
;                            ;             ;
; Average used               ; 1.00        ;
; Maximum used               ; 16          ;
;                            ;             ;
; Usage by Processor         ; % Time Used ;
;     Processor 1            ; 100.0%      ;
;     Processors 2-16        ;   0.0%      ;
+----------------------------+-------------+


+------------------------------------------------------------------------------------------------------------------------------------------------------------------------+
; Analysis & Synthesis Source Files Read                                                                                                                                 ;
+----------------------------------+-----------------+------------------------------+--------------------------------------------------------------------------+---------+
; File Name with User-Entered Path ; Used in Netlist ; File Type                    ; File Name with Absolute Path                                             ; Library ;
+----------------------------------+-----------------+------------------------------+--------------------------------------------------------------------------+---------+
; BRAM_FIFO_Wrapper.v              ; yes             ; User Verilog HDL File        ; C:/Users/damia/Studia/DigitalHardwareUT/Lab8_v2/BRAM_FIFO_Wrapper.v      ;         ;
; BRAM_FIFO.v                      ; yes             ; User Wizard-Generated File   ; C:/Users/damia/Studia/DigitalHardwareUT/Lab8_v2/BRAM_FIFO.v              ;         ;
; BinTo7Seg.v                      ; yes             ; User Verilog HDL File        ; C:/Users/damia/Studia/DigitalHardwareUT/Lab8_v2/BinTo7Seg.v              ;         ;
; scfifo.tdf                       ; yes             ; Megafunction                 ; c:/intelfpga_lite/23.1std/quartus/libraries/megafunctions/scfifo.tdf     ;         ;
; a_regfifo.inc                    ; yes             ; Megafunction                 ; c:/intelfpga_lite/23.1std/quartus/libraries/megafunctions/a_regfifo.inc  ;         ;
; a_dpfifo.inc                     ; yes             ; Megafunction                 ; c:/intelfpga_lite/23.1std/quartus/libraries/megafunctions/a_dpfifo.inc   ;         ;
; a_i2fifo.inc                     ; yes             ; Megafunction                 ; c:/intelfpga_lite/23.1std/quartus/libraries/megafunctions/a_i2fifo.inc   ;         ;
; a_fffifo.inc                     ; yes             ; Megafunction                 ; c:/intelfpga_lite/23.1std/quartus/libraries/megafunctions/a_fffifo.inc   ;         ;
; a_f2fifo.inc                     ; yes             ; Megafunction                 ; c:/intelfpga_lite/23.1std/quartus/libraries/megafunctions/a_f2fifo.inc   ;         ;
; aglobal231.inc                   ; yes             ; Megafunction                 ; c:/intelfpga_lite/23.1std/quartus/libraries/megafunctions/aglobal231.inc ;         ;
; db/scfifo_oh91.tdf               ; yes             ; Auto-Generated Megafunction  ; C:/Users/damia/Studia/DigitalHardwareUT/Lab8_v2/db/scfifo_oh91.tdf       ;         ;
; db/a_dpfifo_vn91.tdf             ; yes             ; Auto-Generated Megafunction  ; C:/Users/damia/Studia/DigitalHardwareUT/Lab8_v2/db/a_dpfifo_vn91.tdf     ;         ;
; db/altsyncram_7hn1.tdf           ; yes             ; Auto-Generated Megafunction  ; C:/Users/damia/Studia/DigitalHardwareUT/Lab8_v2/db/altsyncram_7hn1.tdf   ;         ;
; db/cmpr_8l8.tdf                  ; yes             ; Auto-Generated Megafunction  ; C:/Users/damia/Studia/DigitalHardwareUT/Lab8_v2/db/cmpr_8l8.tdf          ;         ;
; db/cntr_lgb.tdf                  ; yes             ; Auto-Generated Megafunction  ; C:/Users/damia/Studia/DigitalHardwareUT/Lab8_v2/db/cntr_lgb.tdf          ;         ;
; db/cntr_2h7.tdf                  ; yes             ; Auto-Generated Megafunction  ; C:/Users/damia/Studia/DigitalHardwareUT/Lab8_v2/db/cntr_2h7.tdf          ;         ;
; db/cntr_mgb.tdf                  ; yes             ; Auto-Generated Megafunction  ; C:/Users/damia/Studia/DigitalHardwareUT/Lab8_v2/db/cntr_mgb.tdf          ;         ;
+----------------------------------+-----------------+------------------------------+--------------------------------------------------------------------------+---------+


+--------------------------------------------------------------+
; Analysis & Synthesis Resource Usage Summary                  ;
+---------------------------------------------+----------------+
; Resource                                    ; Usage          ;
+---------------------------------------------+----------------+
; Estimate of Logic utilization (ALMs needed) ; 38             ;
;                                             ;                ;
; Combinational ALUT usage for logic          ; 71             ;
;     -- 7 input functions                    ; 0              ;
;     -- 6 input functions                    ; 4              ;
;     -- 5 input functions                    ; 10             ;
;     -- 4 input functions                    ; 19             ;
;     -- <=3 input functions                  ; 38             ;
;                                             ;                ;
; Dedicated logic registers                   ; 43             ;
;                                             ;                ;
; I/O pins                                    ; 40             ;
; Total MLAB memory bits                      ; 0              ;
; Total block memory bits                     ; 2048           ;
;                                             ;                ;
; Total DSP Blocks                            ; 0              ;
;                                             ;                ;
; Maximum fan-out node                        ; CLOCK_50~input ;
; Maximum fan-out                             ; 47             ;
; Total fan-out                               ; 539            ;
; Average fan-out                             ; 2.72           ;
+---------------------------------------------+----------------+


+--------------------------------------------------------------------------------------------------------------------------------------------------------------------------------------------------------------------------------------------------------------------------------------------------------------------------+
; Analysis & Synthesis Resource Utilization by Entity                                                                                                                                                                                                                                                                      ;
+------------------------------------------+---------------------+---------------------------+-------------------+------------+------+--------------+-----------------------------------------------------------------------------------------------------------------------------------+-------------------+--------------+
; Compilation Hierarchy Node               ; Combinational ALUTs ; Dedicated Logic Registers ; Block Memory Bits ; DSP Blocks ; Pins ; Virtual Pins ; Full Hierarchy Name                                                                                                               ; Entity Name       ; Library Name ;
+------------------------------------------+---------------------+---------------------------+-------------------+------------+------+--------------+-----------------------------------------------------------------------------------------------------------------------------------+-------------------+--------------+
; |BRAM_FIFO_Wrapper                       ; 71 (8)              ; 43 (3)                    ; 2048              ; 0          ; 40   ; 0            ; |BRAM_FIFO_Wrapper                                                                                                                ; BRAM_FIFO_Wrapper ; work         ;
;    |BRAM_FIFO:fifo|                      ; 46 (0)              ; 40 (0)                    ; 2048              ; 0          ; 0    ; 0            ; |BRAM_FIFO_Wrapper|BRAM_FIFO:fifo                                                                                                 ; BRAM_FIFO         ; work         ;
;       |scfifo:scfifo_component|          ; 46 (0)              ; 40 (0)                    ; 2048              ; 0          ; 0    ; 0            ; |BRAM_FIFO_Wrapper|BRAM_FIFO:fifo|scfifo:scfifo_component                                                                         ; scfifo            ; work         ;
;          |scfifo_oh91:auto_generated|    ; 46 (0)              ; 40 (0)                    ; 2048              ; 0          ; 0    ; 0            ; |BRAM_FIFO_Wrapper|BRAM_FIFO:fifo|scfifo:scfifo_component|scfifo_oh91:auto_generated                                              ; scfifo_oh91       ; work         ;
;             |a_dpfifo_vn91:dpfifo|       ; 46 (20)             ; 40 (14)                   ; 2048              ; 0          ; 0    ; 0            ; |BRAM_FIFO_Wrapper|BRAM_FIFO:fifo|scfifo:scfifo_component|scfifo_oh91:auto_generated|a_dpfifo_vn91:dpfifo                         ; a_dpfifo_vn91     ; work         ;
;                |altsyncram_7hn1:FIFOram| ; 0 (0)               ; 0 (0)                     ; 2048              ; 0          ; 0    ; 0            ; |BRAM_FIFO_Wrapper|BRAM_FIFO:fifo|scfifo:scfifo_component|scfifo_oh91:auto_generated|a_dpfifo_vn91:dpfifo|altsyncram_7hn1:FIFOram ; altsyncram_7hn1   ; work         ;
;                |cntr_2h7:usedw_counter|  ; 9 (9)               ; 9 (9)                     ; 0                 ; 0          ; 0    ; 0            ; |BRAM_FIFO_Wrapper|BRAM_FIFO:fifo|scfifo:scfifo_component|scfifo_oh91:auto_generated|a_dpfifo_vn91:dpfifo|cntr_2h7:usedw_counter  ; cntr_2h7          ; work         ;
;                |cntr_lgb:rd_ptr_msb|     ; 8 (8)               ; 8 (8)                     ; 0                 ; 0          ; 0    ; 0            ; |BRAM_FIFO_Wrapper|BRAM_FIFO:fifo|scfifo:scfifo_component|scfifo_oh91:auto_generated|a_dpfifo_vn91:dpfifo|cntr_lgb:rd_ptr_msb     ; cntr_lgb          ; work         ;
;                |cntr_mgb:wr_ptr|         ; 9 (9)               ; 9 (9)                     ; 0                 ; 0          ; 0    ; 0            ; |BRAM_FIFO_Wrapper|BRAM_FIFO:fifo|scfifo:scfifo_component|scfifo_oh91:auto_generated|a_dpfifo_vn91:dpfifo|cntr_mgb:wr_ptr         ; cntr_mgb          ; work         ;
;    |BinTo7Seg:S0|                        ; 7 (7)               ; 0 (0)                     ; 0                 ; 0          ; 0    ; 0            ; |BRAM_FIFO_Wrapper|BinTo7Seg:S0                                                                                                   ; BinTo7Seg         ; work         ;
;    |BinTo7Seg:S1|                        ; 7 (7)               ; 0 (0)                     ; 0                 ; 0          ; 0    ; 0            ; |BRAM_FIFO_Wrapper|BinTo7Seg:S1                                                                                                   ; BinTo7Seg         ; work         ;
;    |BinTo7Seg:S2|                        ; 3 (3)               ; 0 (0)                     ; 0                 ; 0          ; 0    ; 0            ; |BRAM_FIFO_Wrapper|BinTo7Seg:S2                                                                                                   ; BinTo7Seg         ; work         ;
+------------------------------------------+---------------------+---------------------------+-------------------+------------+------+--------------+-----------------------------------------------------------------------------------------------------------------------------------+-------------------+--------------+
Note: For table entries with two numbers listed, the numbers in parentheses indicate the number of resources of the given type used by the specific entity alone. The numbers listed outside of parentheses indicate the total resources of the given type used by the specific entity and all of its sub-entities in the hierarchy.


+-------------------------------------------------------------------------------------------------------------------------------------------------------------------------------------------------------------------------------+
; Analysis & Synthesis RAM Summary                                                                                                                                                                                              ;
+---------------------------------------------------------------------------------------------------------------------------+------+------------------+--------------+--------------+--------------+--------------+------+------+
; Name                                                                                                                      ; Type ; Mode             ; Port A Depth ; Port A Width ; Port B Depth ; Port B Width ; Size ; MIF  ;
+---------------------------------------------------------------------------------------------------------------------------+------+------------------+--------------+--------------+--------------+--------------+------+------+
; BRAM_FIFO:fifo|scfifo:scfifo_component|scfifo_oh91:auto_generated|a_dpfifo_vn91:dpfifo|altsyncram_7hn1:FIFOram|ALTSYNCRAM ; AUTO ; Simple Dual Port ; 512          ; 4            ; 512          ; 4            ; 2048 ; None ;
+---------------------------------------------------------------------------------------------------------------------------+------+------------------+--------------+--------------+--------------+--------------+------+------+


+---------------------------------------------------------------------------------------------------------------------+
; Analysis & Synthesis IP Cores Summary                                                                               ;
+--------+--------------+---------+--------------+--------------+-----------------------------------+-----------------+
; Vendor ; IP Core Name ; Version ; Release Date ; License Type ; Entity Instance                   ; IP Include File ;
+--------+--------------+---------+--------------+--------------+-----------------------------------+-----------------+
; Altera ; FIFO         ; 23.1    ; N/A          ; N/A          ; |BRAM_FIFO_Wrapper|BRAM_FIFO:fifo ; BRAM_FIFO.v     ;
+--------+--------------+---------+--------------+--------------+-----------------------------------+-----------------+


+------------------------------------------------------+
; General Register Statistics                          ;
+----------------------------------------------+-------+
; Statistic                                    ; Value ;
+----------------------------------------------+-------+
; Total registers                              ; 43    ;
; Number of registers using Synchronous Clear  ; 0     ;
; Number of registers using Synchronous Load   ; 0     ;
; Number of registers using Asynchronous Clear ; 40    ;
; Number of registers using Asynchronous Load  ; 0     ;
; Number of registers using Clock Enable       ; 27    ;
; Number of registers using Preset             ; 0     ;
+----------------------------------------------+-------+


+---------------------------------------------------------------------------------------------------------------------------------------+
; Source assignments for BRAM_FIFO:fifo|scfifo:scfifo_component|scfifo_oh91:auto_generated|a_dpfifo_vn91:dpfifo|altsyncram_7hn1:FIFOram ;
+---------------------------------+--------------------+------+-------------------------------------------------------------------------+
; Assignment                      ; Value              ; From ; To                                                                      ;
+---------------------------------+--------------------+------+-------------------------------------------------------------------------+
; OPTIMIZE_POWER_DURING_SYNTHESIS ; NORMAL_COMPILATION ; -    ; -                                                                       ;
+---------------------------------+--------------------+------+-------------------------------------------------------------------------+


+-------------------------------------------------------------------------------------+
; Parameter Settings for User Entity Instance: BRAM_FIFO:fifo|scfifo:scfifo_component ;
+-------------------------+-------------+---------------------------------------------+
; Parameter Name          ; Value       ; Type                                        ;
+-------------------------+-------------+---------------------------------------------+
; AUTO_CARRY_CHAINS       ; ON          ; AUTO_CARRY                                  ;
; IGNORE_CARRY_BUFFERS    ; OFF         ; IGNORE_CARRY                                ;
; AUTO_CASCADE_CHAINS     ; ON          ; AUTO_CASCADE                                ;
; IGNORE_CASCADE_BUFFERS  ; OFF         ; IGNORE_CASCADE                              ;
; lpm_width               ; 4           ; Signed Integer                              ;
; LPM_NUMWORDS            ; 512         ; Signed Integer                              ;
; LPM_WIDTHU              ; 9           ; Signed Integer                              ;
; LPM_SHOWAHEAD           ; OFF         ; Untyped                                     ;
; UNDERFLOW_CHECKING      ; ON          ; Untyped                                     ;
; OVERFLOW_CHECKING       ; ON          ; Untyped                                     ;
; ALLOW_RWCYCLE_WHEN_FULL ; OFF         ; Untyped                                     ;
; ADD_RAM_OUTPUT_REGISTER ; ON          ; Untyped                                     ;
; ALMOST_FULL_VALUE       ; 0           ; Untyped                                     ;
; ALMOST_EMPTY_VALUE      ; 0           ; Untyped                                     ;
; ENABLE_ECC              ; FALSE       ; Untyped                                     ;
; USE_EAB                 ; ON          ; Untyped                                     ;
; MAXIMIZE_SPEED          ; 5           ; Untyped                                     ;
; DEVICE_FAMILY           ; Cyclone V   ; Untyped                                     ;
; OPTIMIZE_FOR_SPEED      ; 5           ; Untyped                                     ;
; CBXI_PARAMETER          ; scfifo_oh91 ; Untyped                                     ;
+-------------------------+-------------+---------------------------------------------+
Note: In order to hide this table in the UI and the text report file, please set the "Show Parameter Settings in Synthesis Report" option in "Analysis and Synthesis Settings -> More Settings" to "Off".


+---------------------------------------------------------------------+
; scfifo Parameter Settings by Entity Instance                        ;
+----------------------------+----------------------------------------+
; Name                       ; Value                                  ;
+----------------------------+----------------------------------------+
; Number of entity instances ; 1                                      ;
; Entity Instance            ; BRAM_FIFO:fifo|scfifo:scfifo_component ;
;     -- FIFO Type           ; Single Clock                           ;
;     -- lpm_width           ; 4                                      ;
;     -- LPM_NUMWORDS        ; 512                                    ;
;     -- LPM_SHOWAHEAD       ; OFF                                    ;
;     -- USE_EAB             ; ON                                     ;
+----------------------------+----------------------------------------+


+----------------------------------------------------------------------------------------------------------------------------------------------------------------------------+
; Port Connectivity Checks: "BinTo7Seg:S2"                                                                                                                                   ;
+--------+-------+----------+------------------------------------------------------------------------------------------------------------------------------------------------+
; Port   ; Type  ; Severity ; Details                                                                                                                                        ;
+--------+-------+----------+------------------------------------------------------------------------------------------------------------------------------------------------+
; binary ; Input ; Warning  ; Input port expression (2 bits) is smaller than the input port (4 bits) it drives.  Extra input bit(s) "binary[3..2]" will be connected to GND. ;
+--------+-------+----------+------------------------------------------------------------------------------------------------------------------------------------------------+


+-----------------------------------------------------+
; Post-Synthesis Netlist Statistics for Top Partition ;
+-----------------------+-----------------------------+
; Type                  ; Count                       ;
+-----------------------+-----------------------------+
; arriav_ff             ; 43                          ;
;     CLR               ; 13                          ;
;     ENA CLR           ; 27                          ;
;     plain             ; 3                           ;
; arriav_lcell_comb     ; 76                          ;
;     arith             ; 26                          ;
;         1 data inputs ; 18                          ;
;         2 data inputs ; 8                           ;
;     normal            ; 50                          ;
;         0 data inputs ; 1                           ;
;         1 data inputs ; 5                           ;
;         2 data inputs ; 8                           ;
;         3 data inputs ; 3                           ;
;         4 data inputs ; 19                          ;
;         5 data inputs ; 10                          ;
;         6 data inputs ; 4                           ;
; boundary_port         ; 40                          ;
; stratixv_ram_block    ; 4                           ;
;                       ;                             ;
; Max LUT depth         ; 3.00                        ;
; Average LUT depth     ; 1.56                        ;
+-----------------------+-----------------------------+


+-------------------------------+
; Elapsed Time Per Partition    ;
+----------------+--------------+
; Partition Name ; Elapsed Time ;
+----------------+--------------+
; Top            ; 00:00:00     ;
+----------------+--------------+


+-------------------------------+
; Analysis & Synthesis Messages ;
+-------------------------------+
Info: *******************************************************************
Info: Running Quartus Prime Analysis & Synthesis
    Info: Version 23.1std.1 Build 993 05/14/2024 SC Lite Edition
    Info: Processing started: Thu Oct 17 00:03:44 2024
Info: Command: quartus_map --read_settings_files=on --write_settings_files=off BRAM_FIFO -c BRAM_FIFO_Wrapper
Warning (18236): Number of processors has not been specified which may cause overloading on shared machines.  Set the global assignment NUM_PARALLEL_PROCESSORS in your QSF to an appropriate value for best performance.
Info (20030): Parallel compilation is enabled and will use 16 of the 16 processors detected
Info (12021): Found 1 design units, including 1 entities, in source file bram_fifo_wrapper.v
    Info (12023): Found entity 1: BRAM_FIFO_Wrapper File: C:/Users/damia/Studia/DigitalHardwareUT/Lab8_v2/BRAM_FIFO_Wrapper.v Line: 1
Info (12021): Found 1 design units, including 1 entities, in source file bram_fifo.v
    Info (12023): Found entity 1: BRAM_FIFO File: C:/Users/damia/Studia/DigitalHardwareUT/Lab8_v2/BRAM_FIFO.v Line: 40
Info (12021): Found 1 design units, including 1 entities, in source file binto7seg.v
    Info (12023): Found entity 1: BinTo7Seg File: C:/Users/damia/Studia/DigitalHardwareUT/Lab8_v2/BinTo7Seg.v Line: 1
Warning (10236): Verilog HDL Implicit Net warning at BRAM_FIFO_Wrapper.v(12): created implicit net for "write_req" File: C:/Users/damia/Studia/DigitalHardwareUT/Lab8_v2/BRAM_FIFO_Wrapper.v Line: 12
Warning (10236): Verilog HDL Implicit Net warning at BRAM_FIFO_Wrapper.v(13): created implicit net for "read_req" File: C:/Users/damia/Studia/DigitalHardwareUT/Lab8_v2/BRAM_FIFO_Wrapper.v Line: 13
Warning (10236): Verilog HDL Implicit Net warning at BRAM_FIFO_Wrapper.v(14): created implicit net for "reset" File: C:/Users/damia/Studia/DigitalHardwareUT/Lab8_v2/BRAM_FIFO_Wrapper.v Line: 14
Info (12127): Elaborating entity "BRAM_FIFO_Wrapper" for the top level hierarchy
Warning (10034): Output port "LEDR[8..4]" at BRAM_FIFO_Wrapper.v(5) has no driver File: C:/Users/damia/Studia/DigitalHardwareUT/Lab8_v2/BRAM_FIFO_Wrapper.v Line: 5
Info (12128): Elaborating entity "BRAM_FIFO" for hierarchy "BRAM_FIFO:fifo" File: C:/Users/damia/Studia/DigitalHardwareUT/Lab8_v2/BRAM_FIFO_Wrapper.v Line: 41
Info (12128): Elaborating entity "scfifo" for hierarchy "BRAM_FIFO:fifo|scfifo:scfifo_component" File: C:/Users/damia/Studia/DigitalHardwareUT/Lab8_v2/BRAM_FIFO.v Line: 79
Info (12130): Elaborated megafunction instantiation "BRAM_FIFO:fifo|scfifo:scfifo_component" File: C:/Users/damia/Studia/DigitalHardwareUT/Lab8_v2/BRAM_FIFO.v Line: 79
Info (12133): Instantiated megafunction "BRAM_FIFO:fifo|scfifo:scfifo_component" with the following parameter: File: C:/Users/damia/Studia/DigitalHardwareUT/Lab8_v2/BRAM_FIFO.v Line: 79
    Info (12134): Parameter "add_ram_output_register" = "ON"
    Info (12134): Parameter "intended_device_family" = "Cyclone V"
    Info (12134): Parameter "lpm_numwords" = "512"
    Info (12134): Parameter "lpm_showahead" = "OFF"
    Info (12134): Parameter "lpm_type" = "scfifo"
    Info (12134): Parameter "lpm_width" = "4"
    Info (12134): Parameter "lpm_widthu" = "9"
    Info (12134): Parameter "overflow_checking" = "ON"
    Info (12134): Parameter "underflow_checking" = "ON"
    Info (12134): Parameter "use_eab" = "ON"
Info (12021): Found 1 design units, including 1 entities, in source file db/scfifo_oh91.tdf
    Info (12023): Found entity 1: scfifo_oh91 File: C:/Users/damia/Studia/DigitalHardwareUT/Lab8_v2/db/scfifo_oh91.tdf Line: 25
Info (12128): Elaborating entity "scfifo_oh91" for hierarchy "BRAM_FIFO:fifo|scfifo:scfifo_component|scfifo_oh91:auto_generated" File: c:/intelfpga_lite/23.1std/quartus/libraries/megafunctions/scfifo.tdf Line: 300
Info (12021): Found 1 design units, including 1 entities, in source file db/a_dpfifo_vn91.tdf
    Info (12023): Found entity 1: a_dpfifo_vn91 File: C:/Users/damia/Studia/DigitalHardwareUT/Lab8_v2/db/a_dpfifo_vn91.tdf Line: 33
Info (12128): Elaborating entity "a_dpfifo_vn91" for hierarchy "BRAM_FIFO:fifo|scfifo:scfifo_component|scfifo_oh91:auto_generated|a_dpfifo_vn91:dpfifo" File: C:/Users/damia/Studia/DigitalHardwareUT/Lab8_v2/db/scfifo_oh91.tdf Line: 37
Info (12021): Found 1 design units, including 1 entities, in source file db/altsyncram_7hn1.tdf
    Info (12023): Found entity 1: altsyncram_7hn1 File: C:/Users/damia/Studia/DigitalHardwareUT/Lab8_v2/db/altsyncram_7hn1.tdf Line: 28
Info (12128): Elaborating entity "altsyncram_7hn1" for hierarchy "BRAM_FIFO:fifo|scfifo:scfifo_component|scfifo_oh91:auto_generated|a_dpfifo_vn91:dpfifo|altsyncram_7hn1:FIFOram" File: C:/Users/damia/Studia/DigitalHardwareUT/Lab8_v2/db/a_dpfifo_vn91.tdf Line: 46
Info (12021): Found 1 design units, including 1 entities, in source file db/cmpr_8l8.tdf
    Info (12023): Found entity 1: cmpr_8l8 File: C:/Users/damia/Studia/DigitalHardwareUT/Lab8_v2/db/cmpr_8l8.tdf Line: 23
Info (12128): Elaborating entity "cmpr_8l8" for hierarchy "BRAM_FIFO:fifo|scfifo:scfifo_component|scfifo_oh91:auto_generated|a_dpfifo_vn91:dpfifo|cmpr_8l8:almost_full_comparer" File: C:/Users/damia/Studia/DigitalHardwareUT/Lab8_v2/db/a_dpfifo_vn91.tdf Line: 54
Info (12128): Elaborating entity "cmpr_8l8" for hierarchy "BRAM_FIFO:fifo|scfifo:scfifo_component|scfifo_oh91:auto_generated|a_dpfifo_vn91:dpfifo|cmpr_8l8:two_comparison" File: C:/Users/damia/Studia/DigitalHardwareUT/Lab8_v2/db/a_dpfifo_vn91.tdf Line: 55
Info (12021): Found 1 design units, including 1 entities, in source file db/cntr_lgb.tdf
    Info (12023): Found entity 1: cntr_lgb File: C:/Users/damia/Studia/DigitalHardwareUT/Lab8_v2/db/cntr_lgb.tdf Line: 26
Info (12128): Elaborating entity "cntr_lgb" for hierarchy "BRAM_FIFO:fifo|scfifo:scfifo_component|scfifo_oh91:auto_generated|a_dpfifo_vn91:dpfifo|cntr_lgb:rd_ptr_msb" File: C:/Users/damia/Studia/DigitalHardwareUT/Lab8_v2/db/a_dpfifo_vn91.tdf Line: 56
Info (12021): Found 1 design units, including 1 entities, in source file db/cntr_2h7.tdf
    Info (12023): Found entity 1: cntr_2h7 File: C:/Users/damia/Studia/DigitalHardwareUT/Lab8_v2/db/cntr_2h7.tdf Line: 26
Info (12128): Elaborating entity "cntr_2h7" for hierarchy "BRAM_FIFO:fifo|scfifo:scfifo_component|scfifo_oh91:auto_generated|a_dpfifo_vn91:dpfifo|cntr_2h7:usedw_counter" File: C:/Users/damia/Studia/DigitalHardwareUT/Lab8_v2/db/a_dpfifo_vn91.tdf Line: 57
Info (12021): Found 1 design units, including 1 entities, in source file db/cntr_mgb.tdf
    Info (12023): Found entity 1: cntr_mgb File: C:/Users/damia/Studia/DigitalHardwareUT/Lab8_v2/db/cntr_mgb.tdf Line: 26
Info (12128): Elaborating entity "cntr_mgb" for hierarchy "BRAM_FIFO:fifo|scfifo:scfifo_component|scfifo_oh91:auto_generated|a_dpfifo_vn91:dpfifo|cntr_mgb:wr_ptr" File: C:/Users/damia/Studia/DigitalHardwareUT/Lab8_v2/db/a_dpfifo_vn91.tdf Line: 58
Info (12128): Elaborating entity "BinTo7Seg" for hierarchy "BinTo7Seg:S0" File: C:/Users/damia/Studia/DigitalHardwareUT/Lab8_v2/BRAM_FIFO_Wrapper.v Line: 46
Warning (12241): 1 hierarchies have connectivity warnings - see the Connectivity Checks report folder
Warning (13024): Output pins are stuck at VCC or GND
    Warning (13410): Pin "LEDR[4]" is stuck at GND File: C:/Users/damia/Studia/DigitalHardwareUT/Lab8_v2/BRAM_FIFO_Wrapper.v Line: 5
    Warning (13410): Pin "LEDR[5]" is stuck at GND File: C:/Users/damia/Studia/DigitalHardwareUT/Lab8_v2/BRAM_FIFO_Wrapper.v Line: 5
    Warning (13410): Pin "LEDR[6]" is stuck at GND File: C:/Users/damia/Studia/DigitalHardwareUT/Lab8_v2/BRAM_FIFO_Wrapper.v Line: 5
    Warning (13410): Pin "LEDR[7]" is stuck at GND File: C:/Users/damia/Studia/DigitalHardwareUT/Lab8_v2/BRAM_FIFO_Wrapper.v Line: 5
    Warning (13410): Pin "LEDR[8]" is stuck at GND File: C:/Users/damia/Studia/DigitalHardwareUT/Lab8_v2/BRAM_FIFO_Wrapper.v Line: 5
    Warning (13410): Pin "HEX2[1]" is stuck at GND File: C:/Users/damia/Studia/DigitalHardwareUT/Lab8_v2/BRAM_FIFO_Wrapper.v Line: 9
Info (286030): Timing-Driven Synthesis is running
Info (16010): Generating hard_block partition "hard_block:auto_generated_inst"
    Info (16011): Adding 0 node(s), including 0 DDIO, 0 PLL, 0 transceiver and 0 LCELL
Warning (21074): Design contains 1 input pin(s) that do not drive logic
    Warning (15610): No output dependent on input pin "KEY[2]" File: C:/Users/damia/Studia/DigitalHardwareUT/Lab8_v2/BRAM_FIFO_Wrapper.v Line: 3
Info (21057): Implemented 127 device resources after synthesis - the final resource count might be different
    Info (21058): Implemented 9 input pins
    Info (21059): Implemented 31 output pins
    Info (21061): Implemented 83 logic cells
    Info (21064): Implemented 4 RAM segments
Info: Quartus Prime Analysis & Synthesis was successful. 0 errors, 15 warnings
    Info: Peak virtual memory: 4894 megabytes
    Info: Processing ended: Thu Oct 17 00:03:53 2024
    Info: Elapsed time: 00:00:09
    Info: Total CPU time (on all processors): 00:00:09


