Analysis & Synthesis report for BRAM
Wed Oct 16 20:16:21 2024
Quartus Prime Version 23.1std.1 Build 993 05/14/2024 SC Lite Edition


---------------------
; Table of Contents ;
---------------------
  1. Legal Notice
  2. Analysis & Synthesis Summary
  3. Analysis & Synthesis Settings
  4. Parallel Compilation
  5. Analysis & Synthesis Source Files Read
  6. Analysis & Synthesis Resource Usage Summary
  7. Analysis & Synthesis Resource Utilization by Entity
  8. Analysis & Synthesis RAM Summary
  9. Analysis & Synthesis IP Cores Summary
 10. Registers Removed During Synthesis
 11. General Register Statistics
 12. Source assignments for FIFO_block:FIFO|scfifo:scfifo_component|scfifo_7l91:auto_generated|a_dpfifo_er91:dpfifo|altsyncram_sqs1:FIFOram
 13. Parameter Settings for User Entity Instance: FIFO_block:FIFO|scfifo:scfifo_component
 14. Parameter Settings for Inferred Entity Instance: lpm_divide:Mod0
 15. Parameter Settings for Inferred Entity Instance: lpm_divide:Div0
 16. Parameter Settings for Inferred Entity Instance: lpm_divide:Mod1
 17. Parameter Settings for Inferred Entity Instance: lpm_divide:Div1
 18. scfifo Parameter Settings by Entity Instance
 19. Port Connectivity Checks: "FIFO_block:FIFO"
 20. Post-Synthesis Netlist Statistics for Top Partition
 21. Elapsed Time Per Partition
 22. Analysis & Synthesis Messages



----------------
; Legal Notice ;
----------------
Copyright (C) 2024  Intel Corporation. All rights reserved.
Your use of Intel Corporation's design tools, logic functions 
and other software and tools, and any partner logic 
functions, and any output files from any of the foregoing 
(including device programming or simulation files), and any 
associated documentation or information are expressly subject 
to the terms and conditions of the Intel Program License 
Subscription Agreement, the Intel Quartus Prime License Agreement,
the Intel FPGA IP License Agreement, or other applicable license
agreement, including, without limitation, that your use is for
the sole purpose of programming logic devices manufactured by
Intel and sold by Intel or its authorized distributors.  Please
refer to the applicable agreement for further details, at
https://fpgasoftware.intel.com/eula.



+----------------------------------------------------------------------------------+
; Analysis & Synthesis Summary                                                     ;
+---------------------------------+------------------------------------------------+
; Analysis & Synthesis Status     ; Successful - Wed Oct 16 20:16:21 2024          ;
; Quartus Prime Version           ; 23.1std.1 Build 993 05/14/2024 SC Lite Edition ;
; Revision Name                   ; BRAM                                           ;
; Top-level Entity Name           ; BRAM                                           ;
; Family                          ; Cyclone V                                      ;
; Logic utilization (in ALMs)     ; N/A                                            ;
; Total registers                 ; 44                                             ;
; Total pins                      ; 34                                             ;
; Total virtual pins              ; 0                                              ;
; Total block memory bits         ; 2,048                                          ;
; Total DSP Blocks                ; 0                                              ;
; Total HSSI RX PCSs              ; 0                                              ;
; Total HSSI PMA RX Deserializers ; 0                                              ;
; Total HSSI TX PCSs              ; 0                                              ;
; Total HSSI PMA TX Serializers   ; 0                                              ;
; Total PLLs                      ; 0                                              ;
; Total DLLs                      ; 0                                              ;
+---------------------------------+------------------------------------------------+


+---------------------------------------------------------------------------------------------------------------------------+
; Analysis & Synthesis Settings                                                                                             ;
+---------------------------------------------------------------------------------+--------------------+--------------------+
; Option                                                                          ; Setting            ; Default Value      ;
+---------------------------------------------------------------------------------+--------------------+--------------------+
; Device                                                                          ; 5CSEMA5F31C6       ;                    ;
; Top-level entity name                                                           ; BRAM               ; BRAM               ;
; Family name                                                                     ; Cyclone V          ; Cyclone V          ;
; Use smart compilation                                                           ; Off                ; Off                ;
; Enable parallel Assembler and Timing Analyzer during compilation                ; On                 ; On                 ;
; Enable compact report table                                                     ; Off                ; Off                ;
; Restructure Multiplexers                                                        ; Auto               ; Auto               ;
; MLAB Add Timing Constraints For Mixed-Port Feed-Through Mode Setting Don't Care ; Off                ; Off                ;
; Create Debugging Nodes for IP Cores                                             ; Off                ; Off                ;
; Preserve fewer node names                                                       ; On                 ; On                 ;
; Intel FPGA IP Evaluation Mode                                                   ; Enable             ; Enable             ;
; Verilog Version                                                                 ; Verilog_2001       ; Verilog_2001       ;
; VHDL Version                                                                    ; VHDL_1993          ; VHDL_1993          ;
; State Machine Processing                                                        ; Auto               ; Auto               ;
; Safe State Machine                                                              ; Off                ; Off                ;
; Extract Verilog State Machines                                                  ; On                 ; On                 ;
; Extract VHDL State Machines                                                     ; On                 ; On                 ;
; Ignore Verilog initial constructs                                               ; Off                ; Off                ;
; Iteration limit for constant Verilog loops                                      ; 5000               ; 5000               ;
; Iteration limit for non-constant Verilog loops                                  ; 250                ; 250                ;
; Add Pass-Through Logic to Inferred RAMs                                         ; On                 ; On                 ;
; Infer RAMs from Raw Logic                                                       ; On                 ; On                 ;
; Parallel Synthesis                                                              ; On                 ; On                 ;
; DSP Block Balancing                                                             ; Auto               ; Auto               ;
; NOT Gate Push-Back                                                              ; On                 ; On                 ;
; Power-Up Don't Care                                                             ; On                 ; On                 ;
; Remove Redundant Logic Cells                                                    ; Off                ; Off                ;
; Remove Duplicate Registers                                                      ; On                 ; On                 ;
; Ignore CARRY Buffers                                                            ; Off                ; Off                ;
; Ignore CASCADE Buffers                                                          ; Off                ; Off                ;
; Ignore GLOBAL Buffers                                                           ; Off                ; Off                ;
; Ignore ROW GLOBAL Buffers                                                       ; Off                ; Off                ;
; Ignore LCELL Buffers                                                            ; Off                ; Off                ;
; Ignore SOFT Buffers                                                             ; On                 ; On                 ;
; Limit AHDL Integers to 32 Bits                                                  ; Off                ; Off                ;
; Optimization Technique                                                          ; Balanced           ; Balanced           ;
; Carry Chain Length                                                              ; 70                 ; 70                 ;
; Auto Carry Chains                                                               ; On                 ; On                 ;
; Auto Open-Drain Pins                                                            ; On                 ; On                 ;
; Perform WYSIWYG Primitive Resynthesis                                           ; Off                ; Off                ;
; Auto ROM Replacement                                                            ; On                 ; On                 ;
; Auto RAM Replacement                                                            ; On                 ; On                 ;
; Auto DSP Block Replacement                                                      ; On                 ; On                 ;
; Auto Shift Register Replacement                                                 ; Auto               ; Auto               ;
; Allow Shift Register Merging across Hierarchies                                 ; Auto               ; Auto               ;
; Auto Clock Enable Replacement                                                   ; On                 ; On                 ;
; Strict RAM Replacement                                                          ; Off                ; Off                ;
; Allow Synchronous Control Signals                                               ; On                 ; On                 ;
; Force Use of Synchronous Clear Signals                                          ; Off                ; Off                ;
; Auto Resource Sharing                                                           ; Off                ; Off                ;
; Allow Any RAM Size For Recognition                                              ; Off                ; Off                ;
; Allow Any ROM Size For Recognition                                              ; Off                ; Off                ;
; Allow Any Shift Register Size For Recognition                                   ; Off                ; Off                ;
; Use LogicLock Constraints during Resource Balancing                             ; On                 ; On                 ;
; Ignore translate_off and synthesis_off directives                               ; Off                ; Off                ;
; Timing-Driven Synthesis                                                         ; On                 ; On                 ;
; Report Parameter Settings                                                       ; On                 ; On                 ;
; Report Source Assignments                                                       ; On                 ; On                 ;
; Report Connectivity Checks                                                      ; On                 ; On                 ;
; Ignore Maximum Fan-Out Assignments                                              ; Off                ; Off                ;
; Synchronization Register Chain Length                                           ; 3                  ; 3                  ;
; Power Optimization During Synthesis                                             ; Normal compilation ; Normal compilation ;
; HDL message level                                                               ; Level2             ; Level2             ;
; Suppress Register Optimization Related Messages                                 ; Off                ; Off                ;
; Number of Removed Registers Reported in Synthesis Report                        ; 5000               ; 5000               ;
; Number of Swept Nodes Reported in Synthesis Report                              ; 5000               ; 5000               ;
; Number of Inverted Registers Reported in Synthesis Report                       ; 100                ; 100                ;
; Clock MUX Protection                                                            ; On                 ; On                 ;
; Auto Gated Clock Conversion                                                     ; Off                ; Off                ;
; Block Design Naming                                                             ; Auto               ; Auto               ;
; SDC constraint protection                                                       ; Off                ; Off                ;
; Synthesis Effort                                                                ; Auto               ; Auto               ;
; Shift Register Replacement - Allow Asynchronous Clear Signal                    ; On                 ; On                 ;
; Pre-Mapping Resynthesis Optimization                                            ; Off                ; Off                ;
; Analysis & Synthesis Message Level                                              ; Medium             ; Medium             ;
; Disable Register Merging Across Hierarchies                                     ; Auto               ; Auto               ;
; Resource Aware Inference For Block RAM                                          ; On                 ; On                 ;
; Automatic Parallel Synthesis                                                    ; On                 ; On                 ;
; Partial Reconfiguration Bitstream ID                                            ; Off                ; Off                ;
+---------------------------------------------------------------------------------+--------------------+--------------------+


+------------------------------------------+
; Parallel Compilation                     ;
+----------------------------+-------------+
; Processors                 ; Number      ;
+----------------------------+-------------+
; Number detected on machine ; 16          ;
; Maximum allowed            ; 16          ;
;                            ;             ;
; Average used               ; 1.00        ;
; Maximum used               ; 16          ;
;                            ;             ;
; Usage by Processor         ; % Time Used ;
;     Processor 1            ; 100.0%      ;
;     Processors 2-16        ;   0.0%      ;
+----------------------------+-------------+


+-----------------------------------------------------------------------------------------------------------------------------------------------------------------------------+
; Analysis & Synthesis Source Files Read                                                                                                                                      ;
+----------------------------------+-----------------+------------------------------+-------------------------------------------------------------------------------+---------+
; File Name with User-Entered Path ; Used in Netlist ; File Type                    ; File Name with Absolute Path                                                  ; Library ;
+----------------------------------+-----------------+------------------------------+-------------------------------------------------------------------------------+---------+
; BRAM.v                           ; yes             ; User Verilog HDL File        ; C:/Users/damia/Studia/DigitalHardwareUT/Lab8/BRAM.v                           ;         ;
; FIFO_block.v                     ; yes             ; User Wizard-Generated File   ; C:/Users/damia/Studia/DigitalHardwareUT/Lab8/FIFO_block.v                     ;         ;
; Bin2Seg.v                        ; yes             ; User Verilog HDL File        ; C:/Users/damia/Studia/DigitalHardwareUT/Lab8/Bin2Seg.v                        ;         ;
; output_files/WriteRequets.v      ; yes             ; User Verilog HDL File        ; C:/Users/damia/Studia/DigitalHardwareUT/Lab8/output_files/WriteRequets.v      ;         ;
; ReadRequets.v                    ; yes             ; User Verilog HDL File        ; C:/Users/damia/Studia/DigitalHardwareUT/Lab8/ReadRequets.v                    ;         ;
; scfifo.tdf                       ; yes             ; Megafunction                 ; c:/intelfpga_lite/23.1std/quartus/libraries/megafunctions/scfifo.tdf          ;         ;
; a_regfifo.inc                    ; yes             ; Megafunction                 ; c:/intelfpga_lite/23.1std/quartus/libraries/megafunctions/a_regfifo.inc       ;         ;
; a_dpfifo.inc                     ; yes             ; Megafunction                 ; c:/intelfpga_lite/23.1std/quartus/libraries/megafunctions/a_dpfifo.inc        ;         ;
; a_i2fifo.inc                     ; yes             ; Megafunction                 ; c:/intelfpga_lite/23.1std/quartus/libraries/megafunctions/a_i2fifo.inc        ;         ;
; a_fffifo.inc                     ; yes             ; Megafunction                 ; c:/intelfpga_lite/23.1std/quartus/libraries/megafunctions/a_fffifo.inc        ;         ;
; a_f2fifo.inc                     ; yes             ; Megafunction                 ; c:/intelfpga_lite/23.1std/quartus/libraries/megafunctions/a_f2fifo.inc        ;         ;
; aglobal231.inc                   ; yes             ; Megafunction                 ; c:/intelfpga_lite/23.1std/quartus/libraries/megafunctions/aglobal231.inc      ;         ;
; db/scfifo_7l91.tdf               ; yes             ; Auto-Generated Megafunction  ; C:/Users/damia/Studia/DigitalHardwareUT/Lab8/db/scfifo_7l91.tdf               ;         ;
; db/a_dpfifo_er91.tdf             ; yes             ; Auto-Generated Megafunction  ; C:/Users/damia/Studia/DigitalHardwareUT/Lab8/db/a_dpfifo_er91.tdf             ;         ;
; db/a_fefifo_s7f.tdf              ; yes             ; Auto-Generated Megafunction  ; C:/Users/damia/Studia/DigitalHardwareUT/Lab8/db/a_fefifo_s7f.tdf              ;         ;
; db/cntr_2h7.tdf                  ; yes             ; Auto-Generated Megafunction  ; C:/Users/damia/Studia/DigitalHardwareUT/Lab8/db/cntr_2h7.tdf                  ;         ;
; db/altsyncram_sqs1.tdf           ; yes             ; Auto-Generated Megafunction  ; C:/Users/damia/Studia/DigitalHardwareUT/Lab8/db/altsyncram_sqs1.tdf           ;         ;
; db/cntr_mgb.tdf                  ; yes             ; Auto-Generated Megafunction  ; C:/Users/damia/Studia/DigitalHardwareUT/Lab8/db/cntr_mgb.tdf                  ;         ;
; lpm_divide.tdf                   ; yes             ; Megafunction                 ; c:/intelfpga_lite/23.1std/quartus/libraries/megafunctions/lpm_divide.tdf      ;         ;
; abs_divider.inc                  ; yes             ; Megafunction                 ; c:/intelfpga_lite/23.1std/quartus/libraries/megafunctions/abs_divider.inc     ;         ;
; sign_div_unsign.inc              ; yes             ; Megafunction                 ; c:/intelfpga_lite/23.1std/quartus/libraries/megafunctions/sign_div_unsign.inc ;         ;
; db/lpm_divide_92m.tdf            ; yes             ; Auto-Generated Megafunction  ; C:/Users/damia/Studia/DigitalHardwareUT/Lab8/db/lpm_divide_92m.tdf            ;         ;
; db/sign_div_unsign_ckh.tdf       ; yes             ; Auto-Generated Megafunction  ; C:/Users/damia/Studia/DigitalHardwareUT/Lab8/db/sign_div_unsign_ckh.tdf       ;         ;
; db/alt_u_div_use.tdf             ; yes             ; Auto-Generated Megafunction  ; C:/Users/damia/Studia/DigitalHardwareUT/Lab8/db/alt_u_div_use.tdf             ;         ;
; db/lpm_divide_6am.tdf            ; yes             ; Auto-Generated Megafunction  ; C:/Users/damia/Studia/DigitalHardwareUT/Lab8/db/lpm_divide_6am.tdf            ;         ;
; db/lpm_divide_9am.tdf            ; yes             ; Auto-Generated Megafunction  ; C:/Users/damia/Studia/DigitalHardwareUT/Lab8/db/lpm_divide_9am.tdf            ;         ;
; db/sign_div_unsign_fkh.tdf       ; yes             ; Auto-Generated Megafunction  ; C:/Users/damia/Studia/DigitalHardwareUT/Lab8/db/sign_div_unsign_fkh.tdf       ;         ;
; db/alt_u_div_4te.tdf             ; yes             ; Auto-Generated Megafunction  ; C:/Users/damia/Studia/DigitalHardwareUT/Lab8/db/alt_u_div_4te.tdf             ;         ;
+----------------------------------+-----------------+------------------------------+-------------------------------------------------------------------------------+---------+


+---------------------------------------------------------+
; Analysis & Synthesis Resource Usage Summary             ;
+---------------------------------------------+-----------+
; Resource                                    ; Usage     ;
+---------------------------------------------+-----------+
; Estimate of Logic utilization (ALMs needed) ; 141       ;
;                                             ;           ;
; Combinational ALUT usage for logic          ; 279       ;
;     -- 7 input functions                    ; 0         ;
;     -- 6 input functions                    ; 2         ;
;     -- 5 input functions                    ; 10        ;
;     -- 4 input functions                    ; 30        ;
;     -- <=3 input functions                  ; 237       ;
;                                             ;           ;
; Dedicated logic registers                   ; 44        ;
;                                             ;           ;
; I/O pins                                    ; 34        ;
; Total MLAB memory bits                      ; 0         ;
; Total block memory bits                     ; 2048      ;
;                                             ;           ;
; Total DSP Blocks                            ; 0         ;
;                                             ;           ;
; Maximum fan-out node                        ; clk~input ;
; Maximum fan-out                             ; 48        ;
; Total fan-out                               ; 1012      ;
; Average fan-out                             ; 2.56      ;
+---------------------------------------------+-----------+


+-------------------------------------------------------------------------------------------------------------------------------------------------------------------------------------------------------------------------------------------------------------------------------------------------------------------------------------+
; Analysis & Synthesis Resource Utilization by Entity                                                                                                                                                                                                                                                                                 ;
+------------------------------------------+---------------------+---------------------------+-------------------+------------+------+--------------+--------------------------------------------------------------------------------------------------------------------------------------------+---------------------+--------------+
; Compilation Hierarchy Node               ; Combinational ALUTs ; Dedicated Logic Registers ; Block Memory Bits ; DSP Blocks ; Pins ; Virtual Pins ; Full Hierarchy Name                                                                                                                        ; Entity Name         ; Library Name ;
+------------------------------------------+---------------------+---------------------------+-------------------+------------+------+--------------+--------------------------------------------------------------------------------------------------------------------------------------------+---------------------+--------------+
; |BRAM                                    ; 279 (8)             ; 44 (11)                   ; 2048              ; 0          ; 34   ; 0            ; |BRAM                                                                                                                                      ; BRAM                ; work         ;
;    |Bin2Seg:Seg_0|                       ; 7 (7)               ; 0 (0)                     ; 0                 ; 0          ; 0    ; 0            ; |BRAM|Bin2Seg:Seg_0                                                                                                                        ; Bin2Seg             ; work         ;
;    |Bin2Seg:Seg_1|                       ; 7 (7)               ; 0 (0)                     ; 0                 ; 0          ; 0    ; 0            ; |BRAM|Bin2Seg:Seg_1                                                                                                                        ; Bin2Seg             ; work         ;
;    |Bin2Seg:Seg_2|                       ; 7 (7)               ; 0 (0)                     ; 0                 ; 0          ; 0    ; 0            ; |BRAM|Bin2Seg:Seg_2                                                                                                                        ; Bin2Seg             ; work         ;
;    |FIFO_block:FIFO|                     ; 32 (0)              ; 29 (0)                    ; 2048              ; 0          ; 0    ; 0            ; |BRAM|FIFO_block:FIFO                                                                                                                      ; FIFO_block          ; work         ;
;       |scfifo:scfifo_component|          ; 32 (0)              ; 29 (0)                    ; 2048              ; 0          ; 0    ; 0            ; |BRAM|FIFO_block:FIFO|scfifo:scfifo_component                                                                                              ; scfifo              ; work         ;
;          |scfifo_7l91:auto_generated|    ; 32 (0)              ; 29 (0)                    ; 2048              ; 0          ; 0    ; 0            ; |BRAM|FIFO_block:FIFO|scfifo:scfifo_component|scfifo_7l91:auto_generated                                                                   ; scfifo_7l91         ; work         ;
;             |a_dpfifo_er91:dpfifo|       ; 32 (2)              ; 29 (0)                    ; 2048              ; 0          ; 0    ; 0            ; |BRAM|FIFO_block:FIFO|scfifo:scfifo_component|scfifo_7l91:auto_generated|a_dpfifo_er91:dpfifo                                              ; a_dpfifo_er91       ; work         ;
;                |a_fefifo_s7f:fifo_state| ; 12 (3)              ; 11 (2)                    ; 0                 ; 0          ; 0    ; 0            ; |BRAM|FIFO_block:FIFO|scfifo:scfifo_component|scfifo_7l91:auto_generated|a_dpfifo_er91:dpfifo|a_fefifo_s7f:fifo_state                      ; a_fefifo_s7f        ; work         ;
;                   |cntr_2h7:count_usedw| ; 9 (9)               ; 9 (9)                     ; 0                 ; 0          ; 0    ; 0            ; |BRAM|FIFO_block:FIFO|scfifo:scfifo_component|scfifo_7l91:auto_generated|a_dpfifo_er91:dpfifo|a_fefifo_s7f:fifo_state|cntr_2h7:count_usedw ; cntr_2h7            ; work         ;
;                |altsyncram_sqs1:FIFOram| ; 0 (0)               ; 0 (0)                     ; 2048              ; 0          ; 0    ; 0            ; |BRAM|FIFO_block:FIFO|scfifo:scfifo_component|scfifo_7l91:auto_generated|a_dpfifo_er91:dpfifo|altsyncram_sqs1:FIFOram                      ; altsyncram_sqs1     ; work         ;
;                |cntr_mgb:rd_ptr_count|   ; 9 (9)               ; 9 (9)                     ; 0                 ; 0          ; 0    ; 0            ; |BRAM|FIFO_block:FIFO|scfifo:scfifo_component|scfifo_7l91:auto_generated|a_dpfifo_er91:dpfifo|cntr_mgb:rd_ptr_count                        ; cntr_mgb            ; work         ;
;                |cntr_mgb:wr_ptr|         ; 9 (9)               ; 9 (9)                     ; 0                 ; 0          ; 0    ; 0            ; |BRAM|FIFO_block:FIFO|scfifo:scfifo_component|scfifo_7l91:auto_generated|a_dpfifo_er91:dpfifo|cntr_mgb:wr_ptr                              ; cntr_mgb            ; work         ;
;    |ReadRequets:Read_flipflop|           ; 2 (2)               ; 2 (2)                     ; 0                 ; 0          ; 0    ; 0            ; |BRAM|ReadRequets:Read_flipflop                                                                                                            ; ReadRequets         ; work         ;
;    |WriteRequets:Write_flipflop|         ; 2 (2)               ; 2 (2)                     ; 0                 ; 0          ; 0    ; 0            ; |BRAM|WriteRequets:Write_flipflop                                                                                                          ; WriteRequets        ; work         ;
;    |lpm_divide:Div0|                     ; 60 (0)              ; 0 (0)                     ; 0                 ; 0          ; 0    ; 0            ; |BRAM|lpm_divide:Div0                                                                                                                      ; lpm_divide          ; work         ;
;       |lpm_divide_6am:auto_generated|    ; 60 (0)              ; 0 (0)                     ; 0                 ; 0          ; 0    ; 0            ; |BRAM|lpm_divide:Div0|lpm_divide_6am:auto_generated                                                                                        ; lpm_divide_6am      ; work         ;
;          |sign_div_unsign_ckh:divider|   ; 60 (0)              ; 0 (0)                     ; 0                 ; 0          ; 0    ; 0            ; |BRAM|lpm_divide:Div0|lpm_divide_6am:auto_generated|sign_div_unsign_ckh:divider                                                            ; sign_div_unsign_ckh ; work         ;
;             |alt_u_div_use:divider|      ; 60 (60)             ; 0 (0)                     ; 0                 ; 0          ; 0    ; 0            ; |BRAM|lpm_divide:Div0|lpm_divide_6am:auto_generated|sign_div_unsign_ckh:divider|alt_u_div_use:divider                                      ; alt_u_div_use       ; work         ;
;    |lpm_divide:Div1|                     ; 41 (0)              ; 0 (0)                     ; 0                 ; 0          ; 0    ; 0            ; |BRAM|lpm_divide:Div1                                                                                                                      ; lpm_divide          ; work         ;
;       |lpm_divide_9am:auto_generated|    ; 41 (0)              ; 0 (0)                     ; 0                 ; 0          ; 0    ; 0            ; |BRAM|lpm_divide:Div1|lpm_divide_9am:auto_generated                                                                                        ; lpm_divide_9am      ; work         ;
;          |sign_div_unsign_fkh:divider|   ; 41 (0)              ; 0 (0)                     ; 0                 ; 0          ; 0    ; 0            ; |BRAM|lpm_divide:Div1|lpm_divide_9am:auto_generated|sign_div_unsign_fkh:divider                                                            ; sign_div_unsign_fkh ; work         ;
;             |alt_u_div_4te:divider|      ; 41 (41)             ; 0 (0)                     ; 0                 ; 0          ; 0    ; 0            ; |BRAM|lpm_divide:Div1|lpm_divide_9am:auto_generated|sign_div_unsign_fkh:divider|alt_u_div_4te:divider                                      ; alt_u_div_4te       ; work         ;
;    |lpm_divide:Mod0|                     ; 64 (0)              ; 0 (0)                     ; 0                 ; 0          ; 0    ; 0            ; |BRAM|lpm_divide:Mod0                                                                                                                      ; lpm_divide          ; work         ;
;       |lpm_divide_92m:auto_generated|    ; 64 (0)              ; 0 (0)                     ; 0                 ; 0          ; 0    ; 0            ; |BRAM|lpm_divide:Mod0|lpm_divide_92m:auto_generated                                                                                        ; lpm_divide_92m      ; work         ;
;          |sign_div_unsign_ckh:divider|   ; 64 (0)              ; 0 (0)                     ; 0                 ; 0          ; 0    ; 0            ; |BRAM|lpm_divide:Mod0|lpm_divide_92m:auto_generated|sign_div_unsign_ckh:divider                                                            ; sign_div_unsign_ckh ; work         ;
;             |alt_u_div_use:divider|      ; 64 (64)             ; 0 (0)                     ; 0                 ; 0          ; 0    ; 0            ; |BRAM|lpm_divide:Mod0|lpm_divide_92m:auto_generated|sign_div_unsign_ckh:divider|alt_u_div_use:divider                                      ; alt_u_div_use       ; work         ;
;    |lpm_divide:Mod1|                     ; 49 (0)              ; 0 (0)                     ; 0                 ; 0          ; 0    ; 0            ; |BRAM|lpm_divide:Mod1                                                                                                                      ; lpm_divide          ; work         ;
;       |lpm_divide_92m:auto_generated|    ; 49 (0)              ; 0 (0)                     ; 0                 ; 0          ; 0    ; 0            ; |BRAM|lpm_divide:Mod1|lpm_divide_92m:auto_generated                                                                                        ; lpm_divide_92m      ; work         ;
;          |sign_div_unsign_ckh:divider|   ; 49 (0)              ; 0 (0)                     ; 0                 ; 0          ; 0    ; 0            ; |BRAM|lpm_divide:Mod1|lpm_divide_92m:auto_generated|sign_div_unsign_ckh:divider                                                            ; sign_div_unsign_ckh ; work         ;
;             |alt_u_div_use:divider|      ; 49 (49)             ; 0 (0)                     ; 0                 ; 0          ; 0    ; 0            ; |BRAM|lpm_divide:Mod1|lpm_divide_92m:auto_generated|sign_div_unsign_ckh:divider|alt_u_div_use:divider                                      ; alt_u_div_use       ; work         ;
+------------------------------------------+---------------------+---------------------------+-------------------+------------+------+--------------+--------------------------------------------------------------------------------------------------------------------------------------------+---------------------+--------------+
Note: For table entries with two numbers listed, the numbers in parentheses indicate the number of resources of the given type used by the specific entity alone. The numbers listed outside of parentheses indicate the total resources of the given type used by the specific entity and all of its sub-entities in the hierarchy.


+--------------------------------------------------------------------------------------------------------------------------------------------------------------------------------------------------------------------------------+
; Analysis & Synthesis RAM Summary                                                                                                                                                                                               ;
+----------------------------------------------------------------------------------------------------------------------------+------+------------------+--------------+--------------+--------------+--------------+------+------+
; Name                                                                                                                       ; Type ; Mode             ; Port A Depth ; Port A Width ; Port B Depth ; Port B Width ; Size ; MIF  ;
+----------------------------------------------------------------------------------------------------------------------------+------+------------------+--------------+--------------+--------------+--------------+------+------+
; FIFO_block:FIFO|scfifo:scfifo_component|scfifo_7l91:auto_generated|a_dpfifo_er91:dpfifo|altsyncram_sqs1:FIFOram|ALTSYNCRAM ; AUTO ; Simple Dual Port ; 512          ; 4            ; 512          ; 4            ; 2048 ; None ;
+----------------------------------------------------------------------------------------------------------------------------+------+------------------+--------------+--------------+--------------+--------------+------+------+


+---------------------------------------------------------------------------------------------------------+
; Analysis & Synthesis IP Cores Summary                                                                   ;
+--------+--------------+---------+--------------+--------------+-----------------------+-----------------+
; Vendor ; IP Core Name ; Version ; Release Date ; License Type ; Entity Instance       ; IP Include File ;
+--------+--------------+---------+--------------+--------------+-----------------------+-----------------+
; Altera ; FIFO         ; 23.1    ; N/A          ; N/A          ; |BRAM|FIFO_block:FIFO ; FIFO_block.v    ;
+--------+--------------+---------+--------------+--------------+-----------------------+-----------------+


+--------------------------------------------------------------------------------+
; Registers Removed During Synthesis                                             ;
+---------------------------------------+----------------------------------------+
; Register name                         ; Reason for Removal                     ;
+---------------------------------------+----------------------------------------+
; Bin_2[3]                              ; Stuck at GND due to stuck port data_in ;
; Total Number of Removed Registers = 1 ;                                        ;
+---------------------------------------+----------------------------------------+


+------------------------------------------------------+
; General Register Statistics                          ;
+----------------------------------------------+-------+
; Statistic                                    ; Value ;
+----------------------------------------------+-------+
; Total registers                              ; 44    ;
; Number of registers using Synchronous Clear  ; 0     ;
; Number of registers using Synchronous Load   ; 0     ;
; Number of registers using Asynchronous Clear ; 0     ;
; Number of registers using Asynchronous Load  ; 0     ;
; Number of registers using Clock Enable       ; 29    ;
; Number of registers using Preset             ; 0     ;
+----------------------------------------------+-------+


+----------------------------------------------------------------------------------------------------------------------------------------+
; Source assignments for FIFO_block:FIFO|scfifo:scfifo_component|scfifo_7l91:auto_generated|a_dpfifo_er91:dpfifo|altsyncram_sqs1:FIFOram ;
+---------------------------------+--------------------+------+--------------------------------------------------------------------------+
; Assignment                      ; Value              ; From ; To                                                                       ;
+---------------------------------+--------------------+------+--------------------------------------------------------------------------+
; OPTIMIZE_POWER_DURING_SYNTHESIS ; NORMAL_COMPILATION ; -    ; -                                                                        ;
+---------------------------------+--------------------+------+--------------------------------------------------------------------------+


+--------------------------------------------------------------------------------------+
; Parameter Settings for User Entity Instance: FIFO_block:FIFO|scfifo:scfifo_component ;
+-------------------------+-------------+----------------------------------------------+
; Parameter Name          ; Value       ; Type                                         ;
+-------------------------+-------------+----------------------------------------------+
; AUTO_CARRY_CHAINS       ; ON          ; AUTO_CARRY                                   ;
; IGNORE_CARRY_BUFFERS    ; OFF         ; IGNORE_CARRY                                 ;
; AUTO_CASCADE_CHAINS     ; ON          ; AUTO_CASCADE                                 ;
; IGNORE_CASCADE_BUFFERS  ; OFF         ; IGNORE_CASCADE                               ;
; lpm_width               ; 4           ; Signed Integer                               ;
; LPM_NUMWORDS            ; 512         ; Signed Integer                               ;
; LPM_WIDTHU              ; 9           ; Signed Integer                               ;
; LPM_SHOWAHEAD           ; OFF         ; Untyped                                      ;
; UNDERFLOW_CHECKING      ; ON          ; Untyped                                      ;
; OVERFLOW_CHECKING       ; ON          ; Untyped                                      ;
; ALLOW_RWCYCLE_WHEN_FULL ; OFF         ; Untyped                                      ;
; ADD_RAM_OUTPUT_REGISTER ; OFF         ; Untyped                                      ;
; ALMOST_FULL_VALUE       ; 0           ; Untyped                                      ;
; ALMOST_EMPTY_VALUE      ; 0           ; Untyped                                      ;
; ENABLE_ECC              ; FALSE       ; Untyped                                      ;
; USE_EAB                 ; ON          ; Untyped                                      ;
; MAXIMIZE_SPEED          ; 5           ; Untyped                                      ;
; DEVICE_FAMILY           ; Cyclone V   ; Untyped                                      ;
; OPTIMIZE_FOR_SPEED      ; 5           ; Untyped                                      ;
; CBXI_PARAMETER          ; scfifo_7l91 ; Untyped                                      ;
+-------------------------+-------------+----------------------------------------------+
Note: In order to hide this table in the UI and the text report file, please set the "Show Parameter Settings in Synthesis Report" option in "Analysis and Synthesis Settings -> More Settings" to "Off".


+------------------------------------------------------------------+
; Parameter Settings for Inferred Entity Instance: lpm_divide:Mod0 ;
+------------------------+----------------+------------------------+
; Parameter Name         ; Value          ; Type                   ;
+------------------------+----------------+------------------------+
; LPM_WIDTHN             ; 9              ; Untyped                ;
; LPM_WIDTHD             ; 4              ; Untyped                ;
; LPM_NREPRESENTATION    ; UNSIGNED       ; Untyped                ;
; LPM_DREPRESENTATION    ; UNSIGNED       ; Untyped                ;
; LPM_PIPELINE           ; 0              ; Untyped                ;
; LPM_REMAINDERPOSITIVE  ; TRUE           ; Untyped                ;
; MAXIMIZE_SPEED         ; 5              ; Untyped                ;
; CBXI_PARAMETER         ; lpm_divide_92m ; Untyped                ;
; CARRY_CHAIN            ; MANUAL         ; Untyped                ;
; OPTIMIZE_FOR_SPEED     ; 5              ; Untyped                ;
; AUTO_CARRY_CHAINS      ; ON             ; AUTO_CARRY             ;
; IGNORE_CARRY_BUFFERS   ; OFF            ; IGNORE_CARRY           ;
; AUTO_CASCADE_CHAINS    ; ON             ; AUTO_CASCADE           ;
; IGNORE_CASCADE_BUFFERS ; OFF            ; IGNORE_CASCADE         ;
+------------------------+----------------+------------------------+
Note: In order to hide this table in the UI and the text report file, please set the "Show Parameter Settings in Synthesis Report" option in "Analysis and Synthesis Settings -> More Settings" to "Off".


+------------------------------------------------------------------+
; Parameter Settings for Inferred Entity Instance: lpm_divide:Div0 ;
+------------------------+----------------+------------------------+
; Parameter Name         ; Value          ; Type                   ;
+------------------------+----------------+------------------------+
; LPM_WIDTHN             ; 9              ; Untyped                ;
; LPM_WIDTHD             ; 4              ; Untyped                ;
; LPM_NREPRESENTATION    ; UNSIGNED       ; Untyped                ;
; LPM_DREPRESENTATION    ; UNSIGNED       ; Untyped                ;
; LPM_PIPELINE           ; 0              ; Untyped                ;
; LPM_REMAINDERPOSITIVE  ; TRUE           ; Untyped                ;
; MAXIMIZE_SPEED         ; 5              ; Untyped                ;
; CBXI_PARAMETER         ; lpm_divide_6am ; Untyped                ;
; CARRY_CHAIN            ; MANUAL         ; Untyped                ;
; OPTIMIZE_FOR_SPEED     ; 5              ; Untyped                ;
; AUTO_CARRY_CHAINS      ; ON             ; AUTO_CARRY             ;
; IGNORE_CARRY_BUFFERS   ; OFF            ; IGNORE_CARRY           ;
; AUTO_CASCADE_CHAINS    ; ON             ; AUTO_CASCADE           ;
; IGNORE_CASCADE_BUFFERS ; OFF            ; IGNORE_CASCADE         ;
+------------------------+----------------+------------------------+
Note: In order to hide this table in the UI and the text report file, please set the "Show Parameter Settings in Synthesis Report" option in "Analysis and Synthesis Settings -> More Settings" to "Off".


+------------------------------------------------------------------+
; Parameter Settings for Inferred Entity Instance: lpm_divide:Mod1 ;
+------------------------+----------------+------------------------+
; Parameter Name         ; Value          ; Type                   ;
+------------------------+----------------+------------------------+
; LPM_WIDTHN             ; 9              ; Untyped                ;
; LPM_WIDTHD             ; 4              ; Untyped                ;
; LPM_NREPRESENTATION    ; UNSIGNED       ; Untyped                ;
; LPM_DREPRESENTATION    ; UNSIGNED       ; Untyped                ;
; LPM_PIPELINE           ; 0              ; Untyped                ;
; LPM_REMAINDERPOSITIVE  ; TRUE           ; Untyped                ;
; MAXIMIZE_SPEED         ; 5              ; Untyped                ;
; CBXI_PARAMETER         ; lpm_divide_92m ; Untyped                ;
; CARRY_CHAIN            ; MANUAL         ; Untyped                ;
; OPTIMIZE_FOR_SPEED     ; 5              ; Untyped                ;
; AUTO_CARRY_CHAINS      ; ON             ; AUTO_CARRY             ;
; IGNORE_CARRY_BUFFERS   ; OFF            ; IGNORE_CARRY           ;
; AUTO_CASCADE_CHAINS    ; ON             ; AUTO_CASCADE           ;
; IGNORE_CASCADE_BUFFERS ; OFF            ; IGNORE_CASCADE         ;
+------------------------+----------------+------------------------+
Note: In order to hide this table in the UI and the text report file, please set the "Show Parameter Settings in Synthesis Report" option in "Analysis and Synthesis Settings -> More Settings" to "Off".


+------------------------------------------------------------------+
; Parameter Settings for Inferred Entity Instance: lpm_divide:Div1 ;
+------------------------+----------------+------------------------+
; Parameter Name         ; Value          ; Type                   ;
+------------------------+----------------+------------------------+
; LPM_WIDTHN             ; 9              ; Untyped                ;
; LPM_WIDTHD             ; 7              ; Untyped                ;
; LPM_NREPRESENTATION    ; UNSIGNED       ; Untyped                ;
; LPM_DREPRESENTATION    ; UNSIGNED       ; Untyped                ;
; LPM_PIPELINE           ; 0              ; Untyped                ;
; LPM_REMAINDERPOSITIVE  ; TRUE           ; Untyped                ;
; MAXIMIZE_SPEED         ; 5              ; Untyped                ;
; CBXI_PARAMETER         ; lpm_divide_9am ; Untyped                ;
; CARRY_CHAIN            ; MANUAL         ; Untyped                ;
; OPTIMIZE_FOR_SPEED     ; 5              ; Untyped                ;
; AUTO_CARRY_CHAINS      ; ON             ; AUTO_CARRY             ;
; IGNORE_CARRY_BUFFERS   ; OFF            ; IGNORE_CARRY           ;
; AUTO_CASCADE_CHAINS    ; ON             ; AUTO_CASCADE           ;
; IGNORE_CASCADE_BUFFERS ; OFF            ; IGNORE_CASCADE         ;
+------------------------+----------------+------------------------+
Note: In order to hide this table in the UI and the text report file, please set the "Show Parameter Settings in Synthesis Report" option in "Analysis and Synthesis Settings -> More Settings" to "Off".


+----------------------------------------------------------------------+
; scfifo Parameter Settings by Entity Instance                         ;
+----------------------------+-----------------------------------------+
; Name                       ; Value                                   ;
+----------------------------+-----------------------------------------+
; Number of entity instances ; 1                                       ;
; Entity Instance            ; FIFO_block:FIFO|scfifo:scfifo_component ;
;     -- FIFO Type           ; Single Clock                            ;
;     -- lpm_width           ; 4                                       ;
;     -- LPM_NUMWORDS        ; 512                                     ;
;     -- LPM_SHOWAHEAD       ; OFF                                     ;
;     -- USE_EAB             ; ON                                      ;
+----------------------------+-----------------------------------------+


+--------------------------------------------------------------------------------------------------------------------------------------+
; Port Connectivity Checks: "FIFO_block:FIFO"                                                                                          ;
+-------+--------+----------+----------------------------------------------------------------------------------------------------------+
; Port  ; Type   ; Severity ; Details                                                                                                  ;
+-------+--------+----------+----------------------------------------------------------------------------------------------------------+
; empty ; Output ; Warning  ; Declared by entity but not connected by instance. Logic that only feeds a dangling port will be removed. ;
; full  ; Output ; Warning  ; Declared by entity but not connected by instance. Logic that only feeds a dangling port will be removed. ;
+-------+--------+----------+----------------------------------------------------------------------------------------------------------+


+-----------------------------------------------------+
; Post-Synthesis Netlist Statistics for Top Partition ;
+-----------------------+-----------------------------+
; Type                  ; Count                       ;
+-----------------------+-----------------------------+
; arriav_ff             ; 44                          ;
;     ENA               ; 29                          ;
;     plain             ; 15                          ;
; arriav_lcell_comb     ; 282                         ;
;     arith             ; 145                         ;
;         0 data inputs ; 32                          ;
;         1 data inputs ; 35                          ;
;         2 data inputs ; 18                          ;
;         3 data inputs ; 46                          ;
;         4 data inputs ; 14                          ;
;     normal            ; 114                         ;
;         1 data inputs ; 6                           ;
;         2 data inputs ; 49                          ;
;         3 data inputs ; 31                          ;
;         4 data inputs ; 16                          ;
;         5 data inputs ; 10                          ;
;         6 data inputs ; 2                           ;
;     shared            ; 23                          ;
;         0 data inputs ; 6                           ;
;         1 data inputs ; 17                          ;
; boundary_port         ; 34                          ;
; stratixv_ram_block    ; 4                           ;
;                       ;                             ;
; Max LUT depth         ; 12.60                       ;
; Average LUT depth     ; 7.18                        ;
+-----------------------+-----------------------------+


+-------------------------------+
; Elapsed Time Per Partition    ;
+----------------+--------------+
; Partition Name ; Elapsed Time ;
+----------------+--------------+
; Top            ; 00:00:00     ;
+----------------+--------------+


+-------------------------------+
; Analysis & Synthesis Messages ;
+-------------------------------+
Info: *******************************************************************
Info: Running Quartus Prime Analysis & Synthesis
    Info: Version 23.1std.1 Build 993 05/14/2024 SC Lite Edition
    Info: Processing started: Wed Oct 16 20:16:13 2024
Info: Command: quartus_map --read_settings_files=on --write_settings_files=off BRAM -c BRAM
Warning (18236): Number of processors has not been specified which may cause overloading on shared machines.  Set the global assignment NUM_PARALLEL_PROCESSORS in your QSF to an appropriate value for best performance.
Info (20030): Parallel compilation is enabled and will use 16 of the 16 processors detected
Info (12021): Found 1 design units, including 1 entities, in source file bram.v
    Info (12023): Found entity 1: BRAM File: C:/Users/damia/Studia/DigitalHardwareUT/Lab8/BRAM.v Line: 1
Info (12021): Found 1 design units, including 1 entities, in source file fifo_block.v
    Info (12023): Found entity 1: FIFO_block File: C:/Users/damia/Studia/DigitalHardwareUT/Lab8/FIFO_block.v Line: 40
Info (12021): Found 1 design units, including 1 entities, in source file bin2seg.v
    Info (12023): Found entity 1: Bin2Seg File: C:/Users/damia/Studia/DigitalHardwareUT/Lab8/Bin2Seg.v Line: 1
Info (12021): Found 1 design units, including 1 entities, in source file output_files/writerequets.v
    Info (12023): Found entity 1: WriteRequets File: C:/Users/damia/Studia/DigitalHardwareUT/Lab8/output_files/WriteRequets.v Line: 1
Info (12021): Found 1 design units, including 1 entities, in source file readrequets.v
    Info (12023): Found entity 1: ReadRequets File: C:/Users/damia/Studia/DigitalHardwareUT/Lab8/ReadRequets.v Line: 1
Info (12021): Found 1 design units, including 1 entities, in source file bram_tb.v
    Info (12023): Found entity 1: BRAM_tb File: C:/Users/damia/Studia/DigitalHardwareUT/Lab8/BRAM_tb.v Line: 3
Info (12127): Elaborating entity "BRAM" for the top level hierarchy
Warning (10230): Verilog HDL assignment warning at BRAM.v(28): truncated value with size 32 to match size of target (4) File: C:/Users/damia/Studia/DigitalHardwareUT/Lab8/BRAM.v Line: 28
Warning (10230): Verilog HDL assignment warning at BRAM.v(29): truncated value with size 32 to match size of target (4) File: C:/Users/damia/Studia/DigitalHardwareUT/Lab8/BRAM.v Line: 29
Warning (10230): Verilog HDL assignment warning at BRAM.v(30): truncated value with size 32 to match size of target (4) File: C:/Users/damia/Studia/DigitalHardwareUT/Lab8/BRAM.v Line: 30
Info (12128): Elaborating entity "WriteRequets" for hierarchy "WriteRequets:Write_flipflop" File: C:/Users/damia/Studia/DigitalHardwareUT/Lab8/BRAM.v Line: 23
Info (12128): Elaborating entity "ReadRequets" for hierarchy "ReadRequets:Read_flipflop" File: C:/Users/damia/Studia/DigitalHardwareUT/Lab8/BRAM.v Line: 24
Info (12128): Elaborating entity "FIFO_block" for hierarchy "FIFO_block:FIFO" File: C:/Users/damia/Studia/DigitalHardwareUT/Lab8/BRAM.v Line: 25
Info (12128): Elaborating entity "scfifo" for hierarchy "FIFO_block:FIFO|scfifo:scfifo_component" File: C:/Users/damia/Studia/DigitalHardwareUT/Lab8/FIFO_block.v Line: 81
Info (12130): Elaborated megafunction instantiation "FIFO_block:FIFO|scfifo:scfifo_component" File: C:/Users/damia/Studia/DigitalHardwareUT/Lab8/FIFO_block.v Line: 81
Info (12133): Instantiated megafunction "FIFO_block:FIFO|scfifo:scfifo_component" with the following parameter: File: C:/Users/damia/Studia/DigitalHardwareUT/Lab8/FIFO_block.v Line: 81
    Info (12134): Parameter "add_ram_output_register" = "OFF"
    Info (12134): Parameter "intended_device_family" = "Cyclone V"
    Info (12134): Parameter "lpm_numwords" = "512"
    Info (12134): Parameter "lpm_showahead" = "OFF"
    Info (12134): Parameter "lpm_type" = "scfifo"
    Info (12134): Parameter "lpm_width" = "4"
    Info (12134): Parameter "lpm_widthu" = "9"
    Info (12134): Parameter "overflow_checking" = "ON"
    Info (12134): Parameter "underflow_checking" = "ON"
    Info (12134): Parameter "use_eab" = "ON"
Info (12021): Found 1 design units, including 1 entities, in source file db/scfifo_7l91.tdf
    Info (12023): Found entity 1: scfifo_7l91 File: C:/Users/damia/Studia/DigitalHardwareUT/Lab8/db/scfifo_7l91.tdf Line: 25
Info (12128): Elaborating entity "scfifo_7l91" for hierarchy "FIFO_block:FIFO|scfifo:scfifo_component|scfifo_7l91:auto_generated" File: c:/intelfpga_lite/23.1std/quartus/libraries/megafunctions/scfifo.tdf Line: 300
Info (12021): Found 1 design units, including 1 entities, in source file db/a_dpfifo_er91.tdf
    Info (12023): Found entity 1: a_dpfifo_er91 File: C:/Users/damia/Studia/DigitalHardwareUT/Lab8/db/a_dpfifo_er91.tdf Line: 29
Info (12128): Elaborating entity "a_dpfifo_er91" for hierarchy "FIFO_block:FIFO|scfifo:scfifo_component|scfifo_7l91:auto_generated|a_dpfifo_er91:dpfifo" File: C:/Users/damia/Studia/DigitalHardwareUT/Lab8/db/scfifo_7l91.tdf Line: 37
Info (12021): Found 1 design units, including 1 entities, in source file db/a_fefifo_s7f.tdf
    Info (12023): Found entity 1: a_fefifo_s7f File: C:/Users/damia/Studia/DigitalHardwareUT/Lab8/db/a_fefifo_s7f.tdf Line: 25
Info (12128): Elaborating entity "a_fefifo_s7f" for hierarchy "FIFO_block:FIFO|scfifo:scfifo_component|scfifo_7l91:auto_generated|a_dpfifo_er91:dpfifo|a_fefifo_s7f:fifo_state" File: C:/Users/damia/Studia/DigitalHardwareUT/Lab8/db/a_dpfifo_er91.tdf Line: 42
Info (12021): Found 1 design units, including 1 entities, in source file db/cntr_2h7.tdf
    Info (12023): Found entity 1: cntr_2h7 File: C:/Users/damia/Studia/DigitalHardwareUT/Lab8/db/cntr_2h7.tdf Line: 26
Info (12128): Elaborating entity "cntr_2h7" for hierarchy "FIFO_block:FIFO|scfifo:scfifo_component|scfifo_7l91:auto_generated|a_dpfifo_er91:dpfifo|a_fefifo_s7f:fifo_state|cntr_2h7:count_usedw" File: C:/Users/damia/Studia/DigitalHardwareUT/Lab8/db/a_fefifo_s7f.tdf Line: 39
Info (12021): Found 1 design units, including 1 entities, in source file db/altsyncram_sqs1.tdf
    Info (12023): Found entity 1: altsyncram_sqs1 File: C:/Users/damia/Studia/DigitalHardwareUT/Lab8/db/altsyncram_sqs1.tdf Line: 28
Info (12128): Elaborating entity "altsyncram_sqs1" for hierarchy "FIFO_block:FIFO|scfifo:scfifo_component|scfifo_7l91:auto_generated|a_dpfifo_er91:dpfifo|altsyncram_sqs1:FIFOram" File: C:/Users/damia/Studia/DigitalHardwareUT/Lab8/db/a_dpfifo_er91.tdf Line: 43
Info (12021): Found 1 design units, including 1 entities, in source file db/cntr_mgb.tdf
    Info (12023): Found entity 1: cntr_mgb File: C:/Users/damia/Studia/DigitalHardwareUT/Lab8/db/cntr_mgb.tdf Line: 26
Info (12128): Elaborating entity "cntr_mgb" for hierarchy "FIFO_block:FIFO|scfifo:scfifo_component|scfifo_7l91:auto_generated|a_dpfifo_er91:dpfifo|cntr_mgb:rd_ptr_count" File: C:/Users/damia/Studia/DigitalHardwareUT/Lab8/db/a_dpfifo_er91.tdf Line: 44
Info (12128): Elaborating entity "Bin2Seg" for hierarchy "Bin2Seg:Seg_0" File: C:/Users/damia/Studia/DigitalHardwareUT/Lab8/BRAM.v Line: 34
Info (278001): Inferred 4 megafunctions from design logic
    Info (278004): Inferred divider/modulo megafunction ("lpm_divide") from the following logic: "Mod0" File: C:/Users/damia/Studia/DigitalHardwareUT/Lab8/BRAM.v Line: 28
    Info (278004): Inferred divider/modulo megafunction ("lpm_divide") from the following logic: "Div0" File: C:/Users/damia/Studia/DigitalHardwareUT/Lab8/BRAM.v Line: 29
    Info (278004): Inferred divider/modulo megafunction ("lpm_divide") from the following logic: "Mod1" File: C:/Users/damia/Studia/DigitalHardwareUT/Lab8/BRAM.v Line: 29
    Info (278004): Inferred divider/modulo megafunction ("lpm_divide") from the following logic: "Div1" File: C:/Users/damia/Studia/DigitalHardwareUT/Lab8/BRAM.v Line: 30
Info (12130): Elaborated megafunction instantiation "lpm_divide:Mod0" File: C:/Users/damia/Studia/DigitalHardwareUT/Lab8/BRAM.v Line: 28
Info (12133): Instantiated megafunction "lpm_divide:Mod0" with the following parameter: File: C:/Users/damia/Studia/DigitalHardwareUT/Lab8/BRAM.v Line: 28
    Info (12134): Parameter "LPM_WIDTHN" = "9"
    Info (12134): Parameter "LPM_WIDTHD" = "4"
    Info (12134): Parameter "LPM_NREPRESENTATION" = "UNSIGNED"
    Info (12134): Parameter "LPM_DREPRESENTATION" = "UNSIGNED"
Info (12021): Found 1 design units, including 1 entities, in source file db/lpm_divide_92m.tdf
    Info (12023): Found entity 1: lpm_divide_92m File: C:/Users/damia/Studia/DigitalHardwareUT/Lab8/db/lpm_divide_92m.tdf Line: 25
Info (12021): Found 1 design units, including 1 entities, in source file db/sign_div_unsign_ckh.tdf
    Info (12023): Found entity 1: sign_div_unsign_ckh File: C:/Users/damia/Studia/DigitalHardwareUT/Lab8/db/sign_div_unsign_ckh.tdf Line: 25
Info (12021): Found 1 design units, including 1 entities, in source file db/alt_u_div_use.tdf
    Info (12023): Found entity 1: alt_u_div_use File: C:/Users/damia/Studia/DigitalHardwareUT/Lab8/db/alt_u_div_use.tdf Line: 23
Info (12130): Elaborated megafunction instantiation "lpm_divide:Div0" File: C:/Users/damia/Studia/DigitalHardwareUT/Lab8/BRAM.v Line: 29
Info (12133): Instantiated megafunction "lpm_divide:Div0" with the following parameter: File: C:/Users/damia/Studia/DigitalHardwareUT/Lab8/BRAM.v Line: 29
    Info (12134): Parameter "LPM_WIDTHN" = "9"
    Info (12134): Parameter "LPM_WIDTHD" = "4"
    Info (12134): Parameter "LPM_NREPRESENTATION" = "UNSIGNED"
    Info (12134): Parameter "LPM_DREPRESENTATION" = "UNSIGNED"
Info (12021): Found 1 design units, including 1 entities, in source file db/lpm_divide_6am.tdf
    Info (12023): Found entity 1: lpm_divide_6am File: C:/Users/damia/Studia/DigitalHardwareUT/Lab8/db/lpm_divide_6am.tdf Line: 25
Info (12130): Elaborated megafunction instantiation "lpm_divide:Div1" File: C:/Users/damia/Studia/DigitalHardwareUT/Lab8/BRAM.v Line: 30
Info (12133): Instantiated megafunction "lpm_divide:Div1" with the following parameter: File: C:/Users/damia/Studia/DigitalHardwareUT/Lab8/BRAM.v Line: 30
    Info (12134): Parameter "LPM_WIDTHN" = "9"
    Info (12134): Parameter "LPM_WIDTHD" = "7"
    Info (12134): Parameter "LPM_NREPRESENTATION" = "UNSIGNED"
    Info (12134): Parameter "LPM_DREPRESENTATION" = "UNSIGNED"
Info (12021): Found 1 design units, including 1 entities, in source file db/lpm_divide_9am.tdf
    Info (12023): Found entity 1: lpm_divide_9am File: C:/Users/damia/Studia/DigitalHardwareUT/Lab8/db/lpm_divide_9am.tdf Line: 25
Info (12021): Found 1 design units, including 1 entities, in source file db/sign_div_unsign_fkh.tdf
    Info (12023): Found entity 1: sign_div_unsign_fkh File: C:/Users/damia/Studia/DigitalHardwareUT/Lab8/db/sign_div_unsign_fkh.tdf Line: 25
Info (12021): Found 1 design units, including 1 entities, in source file db/alt_u_div_4te.tdf
    Info (12023): Found entity 1: alt_u_div_4te File: C:/Users/damia/Studia/DigitalHardwareUT/Lab8/db/alt_u_div_4te.tdf Line: 23
Warning (12241): 1 hierarchies have connectivity warnings - see the Connectivity Checks report folder
Info (286030): Timing-Driven Synthesis is running
Info (16010): Generating hard_block partition "hard_block:auto_generated_inst"
    Info (16011): Adding 0 node(s), including 0 DDIO, 0 PLL, 0 transceiver and 0 LCELL
Info (21057): Implemented 317 device resources after synthesis - the final resource count might be different
    Info (21058): Implemented 8 input pins
    Info (21059): Implemented 26 output pins
    Info (21061): Implemented 279 logic cells
    Info (21064): Implemented 4 RAM segments
Info: Quartus Prime Analysis & Synthesis was successful. 0 errors, 5 warnings
    Info: Peak virtual memory: 4870 megabytes
    Info: Processing ended: Wed Oct 16 20:16:21 2024
    Info: Elapsed time: 00:00:08
    Info: Total CPU time (on all processors): 00:00:09


